<?xml version="1.0" encoding="UTF-8"?>
<!-- Generated by org.testng.reporters.JUnitXMLReporter -->
<testsuite hostname="DESKTOP-UNQCSCA" ignored="4" name="Run Specific Group1" tests="5" failures="0" timestamp="2020-01-26T07:35:08 IST" time="20.02" errors="0">
  <testcase name="Browser" time="5.167" classname="module6.Grouping1"/>
  <testcase name="OpenAUT" time="1.827" classname="module6.Grouping1"/>
  <testcase name="Login" time="8.676" classname="module6.Grouping1"/>
  <testcase name="Logout" time="4.284" classname="module6.Grouping1"/>
  <testcase name="CloseBrowser" time="0.06" classname="module6.Grouping1"/>
  <testcase name="ClickSignOnLink" time="0.0" classname="module6.Grouping1">
    <ignored/>
  </testcase> <!-- ClickSignOnLink -->
  <testcase name="ClickContactUsLink" time="0.0" classname="module6.Grouping1">
    <ignored/>
  </testcase> <!-- ClickContactUsLink -->
  <testcase name="ClickRegisterLink" time="0.0" classname="module6.Grouping1">
    <ignored/>
  </testcase> <!-- ClickRegisterLink -->
  <testcase name="ClickSupportLink" time="0.0" classname="module6.Grouping1">
    <ignored/>
  </testcase> <!-- ClickSupportLink -->
</testsuite> <!-- Run Specific Group1 -->
