<?xml version="1.0" encoding="UTF-8"?>
<!-- Generated by org.testng.reporters.JUnitXMLReporter -->
<testsuite hostname="DESKTOP-UNQCSCA" ignored="2" name="Run Specific Group" tests="7" failures="0" timestamp="2020-01-26T07:34:48 IST" time="10.821" errors="0">
  <testcase name="Browser" time="5.92" classname="module6.Grouping1"/>
  <testcase name="OpenAUT" time="1.776" classname="module6.Grouping1"/>
  <testcase name="ClickRegisterLink" time="0.916" classname="module6.Grouping1"/>
  <testcase name="ClickContactUsLink" time="0.689" classname="module6.Grouping1"/>
  <testcase name="ClickSupportLink" time="0.676" classname="module6.Grouping1"/>
  <testcase name="ClickSignOnLink" time="0.71" classname="module6.Grouping1"/>
  <testcase name="CloseBrowser" time="0.081" classname="module6.Grouping1"/>
  <testcase name="Logout" time="0.0" classname="module6.Grouping1">
    <ignored/>
  </testcase> <!-- Logout -->
  <testcase name="Login" time="0.0" classname="module6.Grouping1">
    <ignored/>
  </testcase> <!-- Login -->
</testsuite> <!-- Run Specific Group -->
