<?xml version="1.0" encoding="UTF-8"?>
<!-- Generated by org.testng.reporters.JUnitXMLReporter -->
<testsuite hostname="DESKTOP-UNQCSCA" ignored="0" name="Default test" tests="10" failures="0" timestamp="2020-02-02T09:44:47 IST" time="53.009" errors="0">
  <testcase name="FormFill" time="5.327" classname="module9.TestCases.DDT"/>
  <testcase name="FormFill" time="5.292" classname="module9.TestCases.DDT"/>
  <testcase name="FormFill" time="5.24" classname="module9.TestCases.DDT"/>
  <testcase name="FormFill" time="5.239" classname="module9.TestCases.DDT"/>
  <testcase name="FormFill" time="5.224" classname="module9.TestCases.DDT"/>
  <testcase name="FormFill" time="5.23" classname="module9.TestCases.DDT"/>
  <testcase name="FormFill" time="5.218" classname="module9.TestCases.DDT"/>
  <testcase name="FormFill" time="5.21" classname="module9.TestCases.DDT"/>
  <testcase name="FormFill" time="5.234" classname="module9.TestCases.DDT"/>
  <testcase name="FormFill" time="5.242" classname="module9.TestCases.DDT"/>
</testsuite> <!-- Default test -->
