<?xml version="1.0" encoding="UTF-8"?>
<!-- Generated by org.testng.reporters.JUnitXMLReporter -->
<testsuite hostname="DESKTOP-UNQCSCA" ignored="0" name="ParameterTest" tests="5" failures="0" timestamp="2020-01-26T08:05:52 IST" time="21.08" errors="0">
  <testcase name="Browser" time="5.991" classname="module6.GitHubLogin_Parameters"/>
  <testcase name="OpenAUT" time="2.694" classname="module6.GitHubLogin_Parameters"/>
  <testcase name="Login" time="5.611" classname="module6.GitHubLogin_Parameters"/>
  <testcase name="Logout" time="3.129" classname="module6.GitHubLogin_Parameters"/>
  <testcase name="QuitTestCase" time="3.608" classname="module6.GitHubLogin_Parameters"/>
</testsuite> <!-- ParameterTest -->
