<?xml version="1.0" encoding="UTF-8"?>
<!-- Generated by org.testng.reporters.JUnitXMLReporter -->
<testsuite hostname="DESKTOP-UNQCSCA" ignored="0" name="DDTTestExecutions" tests="10" failures="0" timestamp="2020-02-02T09:54:42 IST" time="52.658" errors="0">
  <testcase name="FormFill" time="5.299" classname="module9.TestCases.DDT"/>
  <testcase name="FormFill" time="5.216" classname="module9.TestCases.DDT"/>
  <testcase name="FormFill" time="5.245" classname="module9.TestCases.DDT"/>
  <testcase name="FormFill" time="5.204" classname="module9.TestCases.DDT"/>
  <testcase name="FormFill" time="5.208" classname="module9.TestCases.DDT"/>
  <testcase name="FormFill" time="5.214" classname="module9.TestCases.DDT"/>
  <testcase name="FormFill" time="5.21" classname="module9.TestCases.DDT"/>
  <testcase name="FormFill" time="5.224" classname="module9.TestCases.DDT"/>
  <testcase name="FormFill" time="5.199" classname="module9.TestCases.DDT"/>
  <testcase name="FormFill" time="5.205" classname="module9.TestCases.DDT"/>
</testsuite> <!-- DDTTestExecutions -->
