<?xml version="1.0" encoding="UTF-8"?>
<testng-results skipped="0" failed="0" ignored="0" total="10" passed="10">
  <reporter-output>
  </reporter-output>
  <suite name="DataDrivenTesting" duration-ms="52658" started-at="2020-02-02T09:53:49 IST" finished-at="2020-02-02T09:54:42 IST">
    <groups>
    </groups>
    <test name="DDTTestExecutions" duration-ms="52658" started-at="2020-02-02T09:53:49 IST" finished-at="2020-02-02T09:54:42 IST">
      <class name="module9.TestCases.DDT">
        <test-method status="PASS" signature="OpenProcess()[pri:0, instance:module9.TestCases.DDT@50b494a6]" name="OpenProcess" is-config="true" duration-ms="9550" started-at="2020-02-02T09:53:40 IST" finished-at="2020-02-02T09:53:49 IST">
          <reporter-output>
          </reporter-output>
        </test-method> <!-- OpenProcess -->
        <test-method status="PASS" signature="FormFill(java.lang.String, java.lang.String, java.lang.String)[pri:0, instance:module9.TestCases.DDT@50b494a6]" name="FormFill" duration-ms="5299" started-at="2020-02-02T09:53:50 IST" data-provider="testDataFeed" finished-at="2020-02-02T09:53:55 IST">
          <params>
            <param index="0">
              <value>
                <![CDATA[Amit]]>
              </value>
            </param>
            <param index="1">
              <value>
                <![CDATA[Jain]]>
              </value>
            </param>
            <param index="2">
              <value>
                <![CDATA[Gujrat]]>
              </value>
            </param>
          </params>
          <reporter-output>
          </reporter-output>
        </test-method> <!-- FormFill -->
        <test-method status="PASS" signature="FormFill(java.lang.String, java.lang.String, java.lang.String)[pri:0, instance:module9.TestCases.DDT@50b494a6]" name="FormFill" duration-ms="5216" started-at="2020-02-02T09:53:55 IST" data-provider="testDataFeed" finished-at="2020-02-02T09:54:00 IST">
          <params>
            <param index="0">
              <value>
                <![CDATA[Sam]]>
              </value>
            </param>
            <param index="1">
              <value>
                <![CDATA[Joseph]]>
              </value>
            </param>
            <param index="2">
              <value>
                <![CDATA[Goa]]>
              </value>
            </param>
          </params>
          <reporter-output>
          </reporter-output>
        </test-method> <!-- FormFill -->
        <test-method status="PASS" signature="FormFill(java.lang.String, java.lang.String, java.lang.String)[pri:0, instance:module9.TestCases.DDT@50b494a6]" name="FormFill" duration-ms="5245" started-at="2020-02-02T09:54:00 IST" data-provider="testDataFeed" finished-at="2020-02-02T09:54:05 IST">
          <params>
            <param index="0">
              <value>
                <![CDATA[Sumit]]>
              </value>
            </param>
            <param index="1">
              <value>
                <![CDATA[Pandey]]>
              </value>
            </param>
            <param index="2">
              <value>
                <![CDATA[Delhi]]>
              </value>
            </param>
          </params>
          <reporter-output>
          </reporter-output>
        </test-method> <!-- FormFill -->
        <test-method status="PASS" signature="FormFill(java.lang.String, java.lang.String, java.lang.String)[pri:0, instance:module9.TestCases.DDT@50b494a6]" name="FormFill" duration-ms="5204" started-at="2020-02-02T09:54:05 IST" data-provider="testDataFeed" finished-at="2020-02-02T09:54:11 IST">
          <params>
            <param index="0">
              <value>
                <![CDATA[James]]>
              </value>
            </param>
            <param index="1">
              <value>
                <![CDATA[Desuza]]>
              </value>
            </param>
            <param index="2">
              <value>
                <![CDATA[Mumbai]]>
              </value>
            </param>
          </params>
          <reporter-output>
          </reporter-output>
        </test-method> <!-- FormFill -->
        <test-method status="PASS" signature="FormFill(java.lang.String, java.lang.String, java.lang.String)[pri:0, instance:module9.TestCases.DDT@50b494a6]" name="FormFill" duration-ms="5208" started-at="2020-02-02T09:54:11 IST" data-provider="testDataFeed" finished-at="2020-02-02T09:54:16 IST">
          <params>
            <param index="0">
              <value>
                <![CDATA[Rohit]]>
              </value>
            </param>
            <param index="1">
              <value>
                <![CDATA[Joshi]]>
              </value>
            </param>
            <param index="2">
              <value>
                <![CDATA[Pune]]>
              </value>
            </param>
          </params>
          <reporter-output>
          </reporter-output>
        </test-method> <!-- FormFill -->
        <test-method status="PASS" signature="FormFill(java.lang.String, java.lang.String, java.lang.String)[pri:0, instance:module9.TestCases.DDT@50b494a6]" name="FormFill" duration-ms="5214" started-at="2020-02-02T09:54:16 IST" data-provider="testDataFeed" finished-at="2020-02-02T09:54:21 IST">
          <params>
            <param index="0">
              <value>
                <![CDATA[Jain]]>
              </value>
            </param>
            <param index="1">
              <value>
                <![CDATA[Amit]]>
              </value>
            </param>
            <param index="2">
              <value>
                <![CDATA[Gujrat]]>
              </value>
            </param>
          </params>
          <reporter-output>
          </reporter-output>
        </test-method> <!-- FormFill -->
        <test-method status="PASS" signature="FormFill(java.lang.String, java.lang.String, java.lang.String)[pri:0, instance:module9.TestCases.DDT@50b494a6]" name="FormFill" duration-ms="5210" started-at="2020-02-02T09:54:21 IST" data-provider="testDataFeed" finished-at="2020-02-02T09:54:26 IST">
          <params>
            <param index="0">
              <value>
                <![CDATA[Joseph]]>
              </value>
            </param>
            <param index="1">
              <value>
                <![CDATA[Sam]]>
              </value>
            </param>
            <param index="2">
              <value>
                <![CDATA[Goa]]>
              </value>
            </param>
          </params>
          <reporter-output>
          </reporter-output>
        </test-method> <!-- FormFill -->
        <test-method status="PASS" signature="FormFill(java.lang.String, java.lang.String, java.lang.String)[pri:0, instance:module9.TestCases.DDT@50b494a6]" name="FormFill" duration-ms="5224" started-at="2020-02-02T09:54:26 IST" data-provider="testDataFeed" finished-at="2020-02-02T09:54:31 IST">
          <params>
            <param index="0">
              <value>
                <![CDATA[Pandey]]>
              </value>
            </param>
            <param index="1">
              <value>
                <![CDATA[Sumit]]>
              </value>
            </param>
            <param index="2">
              <value>
                <![CDATA[Delhi]]>
              </value>
            </param>
          </params>
          <reporter-output>
          </reporter-output>
        </test-method> <!-- FormFill -->
        <test-method status="PASS" signature="FormFill(java.lang.String, java.lang.String, java.lang.String)[pri:0, instance:module9.TestCases.DDT@50b494a6]" name="FormFill" duration-ms="5199" started-at="2020-02-02T09:54:31 IST" data-provider="testDataFeed" finished-at="2020-02-02T09:54:37 IST">
          <params>
            <param index="0">
              <value>
                <![CDATA[Desuza]]>
              </value>
            </param>
            <param index="1">
              <value>
                <![CDATA[James]]>
              </value>
            </param>
            <param index="2">
              <value>
                <![CDATA[Mumbai]]>
              </value>
            </param>
          </params>
          <reporter-output>
          </reporter-output>
        </test-method> <!-- FormFill -->
        <test-method status="PASS" signature="FormFill(java.lang.String, java.lang.String, java.lang.String)[pri:0, instance:module9.TestCases.DDT@50b494a6]" name="FormFill" duration-ms="5205" started-at="2020-02-02T09:54:37 IST" data-provider="testDataFeed" finished-at="2020-02-02T09:54:42 IST">
          <params>
            <param index="0">
              <value>
                <![CDATA[Joshi]]>
              </value>
            </param>
            <param index="1">
              <value>
                <![CDATA[Rohit]]>
              </value>
            </param>
            <param index="2">
              <value>
                <![CDATA[Pune]]>
              </value>
            </param>
          </params>
          <reporter-output>
          </reporter-output>
        </test-method> <!-- FormFill -->
        <test-method status="PASS" signature="QuitProcess()[pri:0, instance:module9.TestCases.DDT@50b494a6]" name="QuitProcess" is-config="true" duration-ms="606" started-at="2020-02-02T09:54:42 IST" finished-at="2020-02-02T09:54:42 IST">
          <reporter-output>
          </reporter-output>
        </test-method> <!-- QuitProcess -->
      </class> <!-- module9.TestCases.DDT -->
    </test> <!-- DDTTestExecutions -->
  </suite> <!-- DataDrivenTesting -->
</testng-results>
