<?xml version="1.0" encoding="UTF-8"?>
<!-- Generated by org.testng.reporters.JUnitXMLReporter -->
<testsuite hostname="DESKTOP-UNQCSCA" ignored="0" name="pc1" tests="8" failures="0" timestamp="2020-02-01T08:08:06 IST" time="14.383" errors="0">
  <testcase name="openBrowser" time="5.913" classname="module7.GRIDTest"/>
  <testcase name="openBrowser" time="5.913" classname="module7.GRIDTest"/>
  <testcase name="OpenAUT" time="2.279" classname="module7.GRIDTest"/>
  <testcase name="Validate" time="0.065" classname="module7.GRIDTest"/>
  <testcase name="OpenAUT" time="2.414" classname="module7.GRIDTest"/>
  <testcase name="Validate" time="0.177" classname="module7.GRIDTest"/>
  <testcase name="QuitBrowser" time="5.811" classname="module7.GRIDTest"/>
  <testcase name="QuitBrowser" time="5.826" classname="module7.GRIDTest"/>
</testsuite> <!-- pc1 -->
