<?xml version="1.0" encoding="UTF-8"?>
<!-- Generated by org.testng.reporters.JUnitXMLReporter -->
<testsuite hostname="DESKTOP-UNQCSCA" ignored="0" name="pc2" tests="8" failures="0" timestamp="2020-02-01T08:00:59 IST" time="10.329" errors="0">
  <testcase name="openBrowser" time="6.163" classname="module7.GRIDTest"/>
  <testcase name="openBrowser" time="6.163" classname="module7.GRIDTest"/>
  <testcase name="OpenAUT" time="2.055" classname="module7.GRIDTest"/>
  <testcase name="Validate" time="0.071" classname="module7.GRIDTest"/>
  <testcase name="OpenAUT" time="2.662" classname="module7.GRIDTest"/>
  <testcase name="Validate" time="0.042" classname="module7.GRIDTest"/>
  <testcase name="QuitBrowser" time="1.984" classname="module7.GRIDTest"/>
  <testcase name="QuitBrowser" time="1.406" classname="module7.GRIDTest"/>
</testsuite> <!-- pc2 -->
